<?xml version="1.0" encoding="UTF-8"?>
<testng-results ignored="0" total="1" passed="1" failed="0" skipped="0">
  <reporter-output>
  </reporter-output>
  <suite started-at="2026-06-17T01:11:09 IST" name="Default suite" finished-at="2026-06-17T01:11:17 IST" duration-ms="7679">
    <groups>
    </groups>
    <test started-at="2026-06-17T01:11:09 IST" name="Default test" finished-at="2026-06-17T01:11:17 IST" duration-ms="7679">
      <class name="tests.SmokeTest">
        <test-method is-config="true" signature="setUp()[pri:0, instance:tests.SmokeTest@3349e9bb]" started-at="2026-06-17T01:11:09 IST" name="setUp" finished-at="2026-06-17T01:11:17 IST" duration-ms="7446" status="PASS">
          <reporter-output>
          </reporter-output>
        </test-method> <!-- setUp -->
        <test-method signature="verifySauceDemoHomePage()[pri:0, instance:tests.SmokeTest@3349e9bb]" started-at="2026-06-17T01:11:17 IST" name="verifySauceDemoHomePage" finished-at="2026-06-17T01:11:17 IST" duration-ms="81" status="PASS">
          <reporter-output>
          </reporter-output>
        </test-method> <!-- verifySauceDemoHomePage -->
        <test-method is-config="true" signature="tearDown()[pri:0, instance:tests.SmokeTest@3349e9bb]" started-at="2026-06-17T01:11:17 IST" name="tearDown" finished-at="2026-06-17T01:11:17 IST" duration-ms="104" status="PASS">
          <reporter-output>
          </reporter-output>
        </test-method> <!-- tearDown -->
      </class> <!-- tests.SmokeTest -->
    </test> <!-- Default test -->
  </suite> <!-- Default suite -->
</testng-results>
